<?xml version="1.0" encoding="UTF-8"?>
<!-- Generated by org.testng.reporters.JUnitReportReporter -->
<testsuite hostname="GWTN141-10" failures="0" tests="3" name="MyPractice1.CrossBrowserExecution" time="21.497" errors="0" timestamp="2024-10-14T21:06:33 CDT" skipped="0">
  <testcase classname="MyPractice1.CrossBrowserExecution" name="test" time="6.256"/>
  <system-out/>
  <testcase classname="MyPractice1.CrossBrowserExecution" name="test" time="8.682"/>
  <system-out/>
  <testcase classname="MyPractice1.CrossBrowserExecution" name="test" time="6.559"/>
  <system-out/>
</testsuite> <!-- MyPractice1.CrossBrowserExecution -->
